21.05.05-22:44:42 srcs/Flags.cpp         :136 : argc: `4`; argv: `0x7ffe748d91a8`;
21.05.05-22:44:42 srcs/Flags.cpp         :142 : opt: `t`; `10`;
21.05.05-22:44:42 srcs/Flags.cpp         :142 : opt: `f`; `nullptr`;
21.05.05-22:44:42 srcs/main.cpp          :49  : Initialize ncurses
21.05.05-22:44:42 srcs/main.cpp          :57  : Ncurses initted successfully
21.05.05-22:44:42 srcs/Colorize.cpp      :50  : Initialize ncurses colors
21.05.05-22:44:42 srcs/Colorize.cpp      :69  : Ncurses colors initted successfully
21.05.05-22:44:43 srcs/main.cpp          :31  : Typing test started
21.05.05-22:44:43 srcs/Words.cpp         :25  : Using random `42` words;
21.05.05-22:44:43 srcs/TypingKeys.cpp    :226 : Processing key `0`;
21.05.05-22:58:49 srcs/Flags.cpp         :136 : argc: `4`; argv: `0x7ffc617fa338`;
21.05.05-22:58:49 srcs/Flags.cpp         :143 : opt: `t`; optarg: `10`;
21.05.05-22:58:49 srcs/Flags.cpp         :143 : opt: `f`; optarg: `nullptr`;
21.05.05-22:58:49 srcs/main.cpp          :49  : Initialize ncurses
21.05.05-22:58:49 srcs/main.cpp          :57  : Ncurses initted successfully
21.05.05-22:58:49 srcs/Colorize.cpp      :50  : Initialize ncurses colors
21.05.05-22:58:49 srcs/Colorize.cpp      :69  : Ncurses colors initted successfully
21.05.05-22:58:50 srcs/main.cpp          :25  : Force quit from welcome screen
21.05.05-22:58:59 srcs/Flags.cpp         :136 : argc: `4`; argv: `0x7ffcaa842268`;
21.05.05-22:58:59 srcs/Flags.cpp         :143 : opt: `t`; optarg: `10`;
21.05.05-22:58:59 srcs/Flags.cpp         :143 : opt: `f`; optarg: `nullptr`;
21.05.05-22:58:59 srcs/main.cpp          :49  : Initialize ncurses
21.05.05-22:58:59 srcs/main.cpp          :57  : Ncurses initted successfully
21.05.05-22:58:59 srcs/Colorize.cpp      :50  : Initialize ncurses colors
21.05.05-22:58:59 srcs/Colorize.cpp      :69  : Ncurses colors initted successfully
21.05.05-22:59:00 srcs/main.cpp          :31  : Typing test started
21.05.05-22:59:00 srcs/Words.cpp         :25  : Using random `42` words;
21.05.05-22:59:00 srcs/Timer.cpp         :27  : Free typing mode
21.05.05-22:59:01 srcs/TypingKeys.cpp    :226 : Processing key `114`;
21.05.05-22:59:01 srcs/TypingKeys.cpp    :226 : Processing key `101`;
21.05.05-22:59:01 srcs/TypingKeys.cpp    :226 : Processing key `97`;
21.05.05-22:59:02 srcs/TypingKeys.cpp    :226 : Processing key `115`;
21.05.05-22:59:02 srcs/TypingKeys.cpp    :226 : Processing key `111`;
21.05.05-22:59:02 srcs/TypingKeys.cpp    :226 : Processing key `110`;
21.05.05-22:59:02 srcs/TypingKeys.cpp    :226 : Processing key `32`;
21.05.05-22:59:02 srcs/TypingKeys.cpp    :226 : Processing key `115`;
21.05.05-22:59:02 srcs/TypingKeys.cpp    :226 : Processing key `116`;
21.05.05-22:59:02 srcs/TypingKeys.cpp    :226 : Processing key `97`;
21.05.05-22:59:03 srcs/TypingKeys.cpp    :226 : Processing key `103`;
21.05.05-22:59:03 srcs/TypingKeys.cpp    :226 : Processing key `101`;
21.05.05-22:59:03 srcs/TypingKeys.cpp    :226 : Processing key `32`;
21.05.05-22:59:03 srcs/TypingKeys.cpp    :226 : Processing key `114`;
21.05.05-22:59:03 srcs/TypingKeys.cpp    :226 : Processing key `101`;
21.05.05-22:59:03 srcs/TypingKeys.cpp    :226 : Processing key `115`;
21.05.05-22:59:03 srcs/TypingKeys.cpp    :226 : Processing key `105`;
21.05.05-22:59:04 srcs/TypingKeys.cpp    :226 : Processing key `111`;
21.05.05-22:59:04 srcs/TypingKeys.cpp    :226 : Processing key `110`;
21.05.05-22:59:04 srcs/TypingKeys.cpp    :226 : Processing key `32`;
21.05.05-22:59:05 srcs/TypingKeys.cpp    :226 : Processing key `121`;
21.05.05-22:59:05 srcs/TypingKeys.cpp    :226 : Processing key `101`;
21.05.05-22:59:05 srcs/TypingKeys.cpp    :226 : Processing key `97`;
21.05.05-22:59:05 srcs/TypingKeys.cpp    :226 : Processing key `114`;
21.05.05-22:59:05 srcs/TypingKeys.cpp    :226 : Processing key `32`;
21.05.05-22:59:06 srcs/TypingKeys.cpp    :226 : Processing key `110`;
21.05.05-22:59:06 srcs/TypingKeys.cpp    :226 : Processing key `117`;
21.05.05-22:59:06 srcs/TypingKeys.cpp    :226 : Processing key `109`;
21.05.05-22:59:06 srcs/TypingKeys.cpp    :226 : Processing key `98`;
21.05.05-22:59:06 srcs/TypingKeys.cpp    :226 : Processing key `101`;
21.05.05-22:59:06 srcs/TypingKeys.cpp    :226 : Processing key `114`;
21.05.05-22:59:06 srcs/TypingKeys.cpp    :226 : Processing key `32`;
21.05.05-22:59:07 srcs/TypingKeys.cpp    :226 : Processing key `114`;
21.05.05-22:59:07 srcs/TypingKeys.cpp    :226 : Processing key `101`;
21.05.05-22:59:07 srcs/TypingKeys.cpp    :226 : Processing key `97`;
21.05.05-22:59:07 srcs/TypingKeys.cpp    :226 : Processing key `99`;
21.05.05-22:59:07 srcs/TypingKeys.cpp    :226 : Processing key `104`;
21.05.05-22:59:07 srcs/TypingKeys.cpp    :226 : Processing key `32`;
21.05.05-22:59:07 srcs/TypingKeys.cpp    :226 : Processing key `115`;
21.05.05-22:59:08 srcs/TypingKeys.cpp    :226 : Processing key `99`;
21.05.05-22:59:08 srcs/TypingKeys.cpp    :226 : Processing key `104`;
21.05.05-22:59:08 srcs/TypingKeys.cpp    :226 : Processing key `111`;
21.05.05-22:59:08 srcs/TypingKeys.cpp    :226 : Processing key `111`;
21.05.05-22:59:08 srcs/TypingKeys.cpp    :226 : Processing key `108`;
21.05.05-22:59:08 srcs/TypingKeys.cpp    :226 : Processing key `32`;
21.05.05-22:59:08 srcs/TypingKeys.cpp    :226 : Processing key `116`;
21.05.05-22:59:09 srcs/TypingKeys.cpp    :226 : Processing key `114`;
21.05.05-22:59:09 srcs/TypingKeys.cpp    :226 : Processing key `101`;
21.05.05-22:59:09 srcs/TypingKeys.cpp    :226 : Processing key `97`;
21.05.05-22:59:09 srcs/TypingKeys.cpp    :226 : Processing key `116`;
21.05.05-22:59:10 srcs/TypingKeys.cpp    :226 : Processing key `109`;
21.05.05-22:59:10 srcs/TypingKeys.cpp    :226 : Processing key `101`;
21.05.05-22:59:10 srcs/TypingKeys.cpp    :226 : Processing key `110`;
21.05.05-22:59:10 srcs/TypingKeys.cpp    :226 : Processing key `116`;
21.05.05-22:59:10 srcs/TypingKeys.cpp    :226 : Processing key `32`;
21.05.05-22:59:10 srcs/TypingKeys.cpp    :226 : Processing key `105`;
21.05.05-22:59:10 srcs/TypingKeys.cpp    :226 : Processing key `102`;
21.05.05-22:59:11 srcs/TypingKeys.cpp    :226 : Processing key `32`;
21.05.05-22:59:11 srcs/TypingKeys.cpp    :226 : Processing key `121`;
21.05.05-22:59:11 srcs/TypingKeys.cpp    :226 : Processing key `101`;
21.05.05-22:59:11 srcs/TypingKeys.cpp    :226 : Processing key `97`;
21.05.05-22:59:11 srcs/TypingKeys.cpp    :226 : Processing key `114`;
21.05.05-22:59:11 srcs/TypingKeys.cpp    :226 : Processing key `32`;
21.05.05-22:59:11 srcs/TypingKeys.cpp    :226 : Processing key `102`;
21.05.05-22:59:11 srcs/TypingKeys.cpp    :226 : Processing key `97`;
21.05.05-22:59:12 srcs/TypingKeys.cpp    :226 : Processing key `99`;
21.05.05-22:59:12 srcs/TypingKeys.cpp    :226 : Processing key `101`;
21.05.05-22:59:12 srcs/TypingKeys.cpp    :226 : Processing key `32`;
21.05.05-22:59:12 srcs/TypingKeys.cpp    :226 : Processing key `102`;
21.05.05-22:59:12 srcs/TypingKeys.cpp    :226 : Processing key `101`;
21.05.05-22:59:12 srcs/TypingKeys.cpp    :226 : Processing key `119`;
21.05.05-22:59:12 srcs/TypingKeys.cpp    :226 : Processing key `32`;
21.05.05-22:59:13 srcs/TypingKeys.cpp    :226 : Processing key `114`;
21.05.05-22:59:13 srcs/TypingKeys.cpp    :226 : Processing key `101`;
21.05.05-22:59:13 srcs/TypingKeys.cpp    :226 : Processing key `115`;
21.05.05-22:59:13 srcs/TypingKeys.cpp    :226 : Processing key `112`;
21.05.05-22:59:13 srcs/TypingKeys.cpp    :226 : Processing key `111`;
21.05.05-22:59:13 srcs/TypingKeys.cpp    :226 : Processing key `110`;
21.05.05-22:59:13 srcs/TypingKeys.cpp    :226 : Processing key `115`;
21.05.05-22:59:13 srcs/TypingKeys.cpp    :226 : Processing key `101`;
21.05.05-22:59:14 srcs/TypingKeys.cpp    :226 : Processing key `32`;
21.05.05-22:59:14 srcs/TypingKeys.cpp    :226 : Processing key `100`;
21.05.05-22:59:14 srcs/TypingKeys.cpp    :226 : Processing key `111`;
21.05.05-22:59:14 srcs/TypingKeys.cpp    :226 : Processing key `111`;
21.05.05-22:59:14 srcs/TypingKeys.cpp    :226 : Processing key `114`;
21.05.05-22:59:15 srcs/TypingKeys.cpp    :226 : Processing key `32`;
21.05.05-22:59:15 srcs/TypingKeys.cpp    :226 : Processing key `102`;
21.05.05-22:59:15 srcs/TypingKeys.cpp    :226 : Processing key `111`;
21.05.05-22:59:15 srcs/TypingKeys.cpp    :226 : Processing key `99`;
21.05.05-22:59:16 srcs/TypingKeys.cpp    :226 : Processing key `117`;
21.05.05-22:59:16 srcs/TypingKeys.cpp    :226 : Processing key `115`;
21.05.05-22:59:16 srcs/TypingKeys.cpp    :226 : Processing key `101`;
21.05.05-22:59:16 srcs/TypingKeys.cpp    :226 : Processing key `32`;
21.05.05-22:59:16 srcs/TypingKeys.cpp    :226 : Processing key `114`;
21.05.05-22:59:16 srcs/TypingKeys.cpp    :226 : Processing key `101`;
21.05.05-22:59:17 srcs/TypingKeys.cpp    :226 : Processing key `118`;
21.05.05-22:59:17 srcs/TypingKeys.cpp    :226 : Processing key `101`;
21.05.05-22:59:18 srcs/TypingKeys.cpp    :226 : Processing key `263`;
21.05.05-22:59:18 srcs/TypingKeys.cpp    :226 : Processing key `263`;
21.05.05-22:59:18 srcs/TypingKeys.cpp    :226 : Processing key `101`;
21.05.05-22:59:19 srcs/TypingKeys.cpp    :226 : Processing key `263`;
21.05.05-22:59:20 srcs/TypingKeys.cpp    :226 : Processing key `99`;
21.05.05-22:59:21 srcs/TypingKeys.cpp    :226 : Processing key `105`;
21.05.05-22:59:21 srcs/TypingKeys.cpp    :226 : Processing key `263`;
21.05.05-22:59:21 srcs/TypingKeys.cpp    :226 : Processing key `101`;
21.05.05-22:59:21 srcs/TypingKeys.cpp    :226 : Processing key `105`;
21.05.05-22:59:21 srcs/TypingKeys.cpp    :226 : Processing key `118`;
21.05.05-22:59:22 srcs/TypingKeys.cpp    :226 : Processing key `101`;
21.05.05-22:59:22 srcs/TypingKeys.cpp    :226 : Processing key `32`;
21.05.05-22:59:22 srcs/TypingKeys.cpp    :226 : Processing key `119`;
21.05.05-22:59:22 srcs/TypingKeys.cpp    :226 : Processing key `104`;
21.05.05-22:59:22 srcs/TypingKeys.cpp    :226 : Processing key `121`;
21.05.05-22:59:23 srcs/TypingKeys.cpp    :226 : Processing key `32`;
21.05.05-22:59:23 srcs/TypingKeys.cpp    :226 : Processing key `98`;
21.05.05-22:59:24 srcs/TypingKeys.cpp    :226 : Processing key `101`;
21.05.05-22:59:24 srcs/TypingKeys.cpp    :226 : Processing key `116`;
21.05.05-22:59:24 srcs/TypingKeys.cpp    :226 : Processing key `119`;
21.05.05-22:59:24 srcs/TypingKeys.cpp    :226 : Processing key `101`;
21.05.05-22:59:24 srcs/TypingKeys.cpp    :226 : Processing key `101`;
21.05.05-22:59:25 srcs/TypingKeys.cpp    :226 : Processing key `110`;
21.05.05-22:59:25 srcs/TypingKeys.cpp    :226 : Processing key `263`;
21.05.05-22:59:25 srcs/TypingKeys.cpp    :226 : Processing key `263`;
21.05.05-22:59:25 srcs/TypingKeys.cpp    :226 : Processing key `263`;
21.05.05-22:59:25 srcs/TypingKeys.cpp    :226 : Processing key `263`;
21.05.05-22:59:26 srcs/TypingKeys.cpp    :226 : Processing key `263`;
21.05.05-22:59:27 srcs/TypingKeys.cpp    :226 : Processing key `116`;
21.05.05-22:59:27 srcs/TypingKeys.cpp    :226 : Processing key `119`;
21.05.05-22:59:27 srcs/TypingKeys.cpp    :226 : Processing key `101`;
21.05.05-22:59:27 srcs/TypingKeys.cpp    :226 : Processing key `101`;
21.05.05-22:59:27 srcs/TypingKeys.cpp    :226 : Processing key `110`;
21.05.05-22:59:28 srcs/TypingKeys.cpp    :226 : Processing key `32`;
21.05.05-22:59:28 srcs/TypingKeys.cpp    :226 : Processing key `116`;
21.05.05-22:59:28 srcs/TypingKeys.cpp    :226 : Processing key `117`;
21.05.05-22:59:28 srcs/TypingKeys.cpp    :226 : Processing key `114`;
21.05.05-22:59:28 srcs/TypingKeys.cpp    :226 : Processing key `110`;
21.05.05-22:59:28 srcs/TypingKeys.cpp    :226 : Processing key `32`;
21.05.05-22:59:29 srcs/TypingKeys.cpp    :226 : Processing key `101`;
21.05.05-22:59:29 srcs/TypingKeys.cpp    :226 : Processing key `118`;
21.05.05-22:59:29 srcs/TypingKeys.cpp    :226 : Processing key `105`;
21.05.05-22:59:29 srcs/TypingKeys.cpp    :226 : Processing key `100`;
21.05.05-22:59:29 srcs/TypingKeys.cpp    :226 : Processing key `101`;
21.05.05-22:59:29 srcs/TypingKeys.cpp    :226 : Processing key `110`;
21.05.05-22:59:30 srcs/TypingKeys.cpp    :226 : Processing key `99`;
21.05.05-22:59:30 srcs/TypingKeys.cpp    :226 : Processing key `101`;
21.05.05-22:59:30 srcs/TypingKeys.cpp    :226 : Processing key `32`;
21.05.05-22:59:30 srcs/TypingKeys.cpp    :226 : Processing key `100`;
21.05.05-22:59:30 srcs/TypingKeys.cpp    :226 : Processing key `117`;
21.05.05-22:59:30 srcs/TypingKeys.cpp    :226 : Processing key `105`;
21.05.05-22:59:31 srcs/TypingKeys.cpp    :226 : Processing key `263`;
21.05.05-22:59:31 srcs/TypingKeys.cpp    :226 : Processing key `263`;
21.05.05-22:59:31 srcs/TypingKeys.cpp    :226 : Processing key `102`;
21.05.05-22:59:32 srcs/TypingKeys.cpp    :226 : Processing key `263`;
21.05.05-22:59:32 srcs/TypingKeys.cpp    :226 : Processing key `105`;
21.05.05-22:59:32 srcs/TypingKeys.cpp    :226 : Processing key `102`;
21.05.05-22:59:33 srcs/TypingKeys.cpp    :226 : Processing key `102`;
21.05.05-22:59:33 srcs/TypingKeys.cpp    :226 : Processing key `117`;
21.05.05-22:59:33 srcs/TypingKeys.cpp    :226 : Processing key `99`;
21.05.05-22:59:34 srcs/TypingKeys.cpp    :226 : Processing key `263`;
21.05.05-22:59:34 srcs/TypingKeys.cpp    :226 : Processing key `263`;
21.05.05-22:59:34 srcs/TypingKeys.cpp    :226 : Processing key `105`;
21.05.05-22:59:34 srcs/TypingKeys.cpp    :226 : Processing key `99`;
21.05.05-22:59:34 srcs/TypingKeys.cpp    :226 : Processing key `102`;
21.05.05-22:59:34 srcs/TypingKeys.cpp    :226 : Processing key `117`;
21.05.05-22:59:35 srcs/TypingKeys.cpp    :226 : Processing key `108`;
21.05.05-22:59:35 srcs/TypingKeys.cpp    :226 : Processing key `116`;
21.05.05-22:59:35 srcs/TypingKeys.cpp    :226 : Processing key `32`;
21.05.05-22:59:35 srcs/TypingKeys.cpp    :226 : Processing key `110`;
21.05.05-22:59:35 srcs/TypingKeys.cpp    :226 : Processing key `101`;
21.05.05-22:59:36 srcs/TypingKeys.cpp    :226 : Processing key `99`;
21.05.05-22:59:36 srcs/TypingKeys.cpp    :226 : Processing key `99`;
21.05.05-22:59:36 srcs/TypingKeys.cpp    :226 : Processing key `101`;
21.05.05-22:59:36 srcs/TypingKeys.cpp    :226 : Processing key `115`;
21.05.05-22:59:38 srcs/TypingKeys.cpp    :226 : Processing key `3`;
